#
# There is insufficient memory for the Java Runtime Environment to continue.
# Native memory allocation (malloc) failed to allocate 617776 bytes for Chunk::new
# Possible reasons:
#   The system is out of physical RAM or swap space
#   In 32 bit mode, the process size limit was hit
# Possible solutions:
#   Reduce memory load on the system
#   Increase physical memory or swap space
#   Check if swap backing store is full
#   Use 64 bit Java on a 64 bit OS
#   Decrease Java heap size (-Xmx/-Xms)
#   Decrease number of Java threads
#   Decrease Java thread stack sizes (-Xss)
#   Set larger code cache with -XX:ReservedCodeCacheSize=
# This output file may be truncated or incomplete.
#
#  Out of Memory Error (allocation.cpp:390), pid=8056, tid=0x0000000000001bdc
#
# JRE version: OpenJDK Runtime Environment (8.0_152-b02) (build 1.8.0_152-release-1024-b02)
# Java VM: OpenJDK 64-Bit Server VM (25.152-b02 mixed mode windows-amd64 compressed oops)
# Failed to write core dump. Minidumps are not enabled by default on client versions of Windows
#

---------------  T H R E A D  ---------------

Current thread (0x000000001696a800):  JavaThread "C2 CompilerThread1" daemon [_thread_in_native, id=7132, stack(0x00000000180c0000,0x00000000181c0000)]

Stack: [0x00000000180c0000,0x00000000181c0000]
[error occurred during error reporting (printing stack bounds), id 0xc0000005]

Native frames: (J=compiled Java code, j=interpreted, Vv=VM code, C=native code)


Current CompileTask:
C2:  16551 4074   !   4       java.lang.reflect.Executable::sharedToString (102 bytes)


---------------  P R O C E S S  ---------------

Java Threads: ( => current thread )
  0x00000000184e0000 JavaThread "Memory manager" [_thread_blocked, id=12632, stack(0x0000000021fc0000,0x00000000220c0000)]
  0x0000000019c87800 JavaThread "build operations Thread 4" [_thread_blocked, id=8016, stack(0x0000000021ac0000,0x0000000021bc0000)]
  0x0000000019c86800 JavaThread "build operations Thread 3" [_thread_blocked, id=1168, stack(0x00000000219c0000,0x0000000021ac0000)]
  0x0000000019c84800 JavaThread "build operations Thread 2" [_thread_blocked, id=9772, stack(0x00000000218c0000,0x00000000219c0000)]
  0x0000000019c83000 JavaThread "build operations" [_thread_blocked, id=11644, stack(0x00000000216c0000,0x00000000217c0000)]
  0x0000000019c85000 JavaThread "Cache worker for Artifact transforms cache (C:\Users\Lenovo\.gradle\caches\transforms-1)" [_thread_blocked, id=13192, stack(0x000000001ef90000,0x000000001f090000)]
  0x0000000019c86000 JavaThread "Cache worker for file hash cache (D:\AndroidProjects\BeatBox\.gradle\4.4\fileHashes)" [_thread_blocked, id=14220, stack(0x000000001b520000,0x000000001b620000)]
  0x0000000019b1f000 JavaThread "File lock request listener" [_thread_in_native, id=14236, stack(0x000000001b420000,0x000000001b520000)]
  0x0000000019af0800 JavaThread "Cache worker for file hash cache (C:\Users\Lenovo\.gradle\caches\4.4\fileHashes)" [_thread_blocked, id=13220, stack(0x000000001b320000,0x000000001b420000)]
  0x0000000019a4f800 JavaThread "Stdin handler" [_thread_blocked, id=3468, stack(0x000000001b020000,0x000000001b120000)]
  0x0000000019a4e800 JavaThread "Asynchronous log dispatcher for DefaultDaemonConnection: socket connection from /127.0.0.1:59836 to /127.0.0.1:59837" [_thread_blocked, id=10288, stack(0x000000001af20000,0x000000001b020000)]
  0x0000000019a5a800 JavaThread "Daemon worker" [_thread_in_Java, id=12984, stack(0x000000001ae20000,0x000000001af20000)]
  0x0000000019a56800 JavaThread "Cancel handler" [_thread_blocked, id=1292, stack(0x000000001ad20000,0x000000001ae20000)]
  0x00000000197e1800 JavaThread "Handler for socket connection from /127.0.0.1:59836 to /127.0.0.1:59837" [_thread_in_native, id=6796, stack(0x000000001aa20000,0x000000001ab20000)]
  0x00000000197db800 JavaThread "Daemon" [_thread_blocked, id=2904, stack(0x000000001a920000,0x000000001aa20000)]
  0x00000000198f5800 JavaThread "Daemon periodic checks" [_thread_blocked, id=1156, stack(0x000000001a820000,0x000000001a920000)]
  0x0000000019888800 JavaThread "Incoming local TCP Connector on port 59836" [_thread_in_native, id=1480, stack(0x000000001a5d0000,0x000000001a6d0000)]
  0x00000000182f0800 JavaThread "Service Thread" daemon [_thread_blocked, id=13796, stack(0x00000000186c0000,0x00000000187c0000)]
  0x000000001697a000 JavaThread "C1 CompilerThread2" daemon [_thread_blocked, id=3156, stack(0x00000000181c0000,0x00000000182c0000)]
=>0x000000001696a800 JavaThread "C2 CompilerThread1" daemon [_thread_in_native, id=7132, stack(0x00000000180c0000,0x00000000181c0000)]
  0x0000000016965800 JavaThread "C2 CompilerThread0" daemon [_thread_in_native, id=5404, stack(0x0000000017fc0000,0x00000000180c0000)]
  0x0000000016964000 JavaThread "Attach Listener" daemon [_thread_blocked, id=11816, stack(0x0000000017ec0000,0x0000000017fc0000)]
  0x0000000016961800 JavaThread "Signal Dispatcher" daemon [_thread_blocked, id=3160, stack(0x0000000017dc0000,0x0000000017ec0000)]
  0x0000000016947000 JavaThread "Finalizer" daemon [_thread_blocked, id=11584, stack(0x0000000017bc0000,0x0000000017cc0000)]
  0x0000000002fe1000 JavaThread "Reference Handler" daemon [_thread_blocked, id=13540, stack(0x0000000017ac0000,0x0000000017bc0000)]
  0x0000000002ef2800 JavaThread "main" [_thread_blocked, id=7904, stack(0x0000000002d50000,0x0000000002e50000)]

Other Threads:
  0x0000000016926000 VMThread [stack: 0x00000000179c0000,0x0000000017ac0000] [id=10328]
  0x00000000169bb800 WatcherThread [stack: 0x00000000187c0000,0x00000000188c0000] [id=8100]

VM state:not at safepoint (normal execution)

VM Mutex/Monitor currently owned by a thread: None

Heap:
 PSYoungGen      total 96768K, used 57298K [0x00000000e0000000, 0x00000000e8600000, 0x0000000100000000)
  eden space 83968K, 68% used [0x00000000e0000000,0x00000000e37f4840,0x00000000e5200000)
  from space 12800K, 0% used [0x00000000e5200000,0x00000000e5200000,0x00000000e5e80000)
  to   space 12288K, 0% used [0x00000000e7a00000,0x00000000e7a00000,0x00000000e8600000)
 ParOldGen       total 90624K, used 16815K [0x00000000a0000000, 0x00000000a5880000, 0x00000000e0000000)
  object space 90624K, 18% used [0x00000000a0000000,0x00000000a106be30,0x00000000a5880000)
 Metaspace       used 40407K, capacity 41228K, committed 41344K, reserved 1085440K
  class space    used 5449K, capacity 5725K, committed 5760K, reserved 1048576K

Card table byte_map: [0x00000000123b0000,0x00000000126c0000] byte_map_base: 0x0000000011eb0000

Marking Bits: (ParMarkBitMap*) 0x00000000744a4970
 Begin Bits: [0x0000000012cc0000, 0x00000000144c0000)
 End Bits:   [0x00000000144c0000, 0x0000000015cc0000)

Polling page: 0x0000000000de0000

CodeCache: size=245760Kb used=13292Kb max_used=13292Kb free=232467Kb
 bounds [0x0000000002ff0000, 0x0000000003d00000, 0x0000000011ff0000]
 total_blobs=4471 nmethods=3763 adapters=621
 compilation: enabled

Compilation events (10 events):
Event: 16.539 Thread 0x000000001697a000 4129       3       com.google.common.collect.ImmutableAsList::<init> (5 bytes)
Event: 16.539 Thread 0x000000001697a000 nmethod 4129 0x0000000003cf0fd0 code [0x0000000003cf1140, 0x0000000003cf1410]
Event: 16.539 Thread 0x000000001697a000 4130       3       org.gradle.model.internal.type.ClassTypeWrapper::tryToGetRepresentation (102 bytes)
Event: 16.542 Thread 0x000000001697a000 nmethod 4130 0x0000000003cf1590 code [0x0000000003cf1940, 0x0000000003cf3978]
Event: 16.542 Thread 0x000000001697a000 4128       3       java.util.Arrays::sort (47 bytes)
Event: 16.542 Thread 0x000000001697a000 nmethod 4128 0x0000000003cf4f50 code [0x0000000003cf5100, 0x0000000003cf5558]
Event: 16.542 Thread 0x000000001697a000 4131       3       java.lang.Class::isAnnotationPresent (6 bytes)
Event: 16.543 Thread 0x000000001697a000 nmethod 4131 0x0000000003cf5790 code [0x0000000003cf5940, 0x0000000003cf5f08]
Event: 16.543 Thread 0x000000001697a000 4132       3       java.lang.reflect.AnnotatedElement::isAnnotationPresent (16 bytes)
Event: 16.543 Thread 0x000000001697a000 nmethod 4132 0x0000000003cf6210 code [0x0000000003cf6380, 0x0000000003cf65e8]

GC Heap History (10 events):
Event: 9.950 GC heap before
{Heap before GC invocations=7 (full 1):
 PSYoungGen      total 38400K, used 33280K [0x00000000e0000000, 0x00000000e5600000, 0x0000000100000000)
  eden space 33280K, 100% used [0x00000000e0000000,0x00000000e2080000,0x00000000e2080000)
  from space 5120K, 0% used [0x00000000e2080000,0x00000000e2080000,0x00000000e2580000)
  to   space 10752K, 0% used [0x00000000e4b80000,0x00000000e4b80000,0x00000000e5600000)
 ParOldGen       total 58368K, used 8667K [0x00000000a0000000, 0x00000000a3900000, 0x00000000e0000000)
  object space 58368K, 14% used [0x00000000a0000000,0x00000000a0876fb8,0x00000000a3900000)
 Metaspace       used 25798K, capacity 26244K, committed 26368K, reserved 1073152K
  class space    used 3428K, capacity 3569K, committed 3584K, reserved 1048576K
Event: 9.967 GC heap after
Heap after GC invocations=7 (full 1):
 PSYoungGen      total 59392K, used 4796K [0x00000000e0000000, 0x00000000e5080000, 0x0000000100000000)
  eden space 54272K, 0% used [0x00000000e0000000,0x00000000e0000000,0x00000000e3500000)
  from space 5120K, 93% used [0x00000000e4b80000,0x00000000e502f3e8,0x00000000e5080000)
  to   space 10240K, 0% used [0x00000000e3c80000,0x00000000e3c80000,0x00000000e4680000)
 ParOldGen       total 58368K, used 8675K [0x00000000a0000000, 0x00000000a3900000, 0x00000000e0000000)
  object space 58368K, 14% used [0x00000000a0000000,0x00000000a0878fb8,0x00000000a3900000)
 Metaspace       used 25798K, capacity 26244K, committed 26368K, reserved 1073152K
  class space    used 3428K, capacity 3569K, committed 3584K, reserved 1048576K
}
Event: 11.796 GC heap before
{Heap before GC invocations=8 (full 1):
 PSYoungGen      total 59392K, used 59068K [0x00000000e0000000, 0x00000000e5080000, 0x0000000100000000)
  eden space 54272K, 100% used [0x00000000e0000000,0x00000000e3500000,0x00000000e3500000)
  from space 5120K, 93% used [0x00000000e4b80000,0x00000000e502f3e8,0x00000000e5080000)
  to   space 10240K, 0% used [0x00000000e3c80000,0x00000000e3c80000,0x00000000e4680000)
 ParOldGen       total 58368K, used 8675K [0x00000000a0000000, 0x00000000a3900000, 0x00000000e0000000)
  object space 58368K, 14% used [0x00000000a0000000,0x00000000a0878fb8,0x00000000a3900000)
 Metaspace       used 29915K, capacity 30568K, committed 30592K, reserved 1075200K
  class space    used 3992K, capacity 4213K, committed 4224K, reserved 1048576K
Event: 11.808 GC heap after
Heap after GC invocations=8 (full 1):
 PSYoungGen      total 72192K, used 8059K [0x00000000e0000000, 0x00000000e6900000, 0x0000000100000000)
  eden space 61952K, 0% used [0x00000000e0000000,0x00000000e0000000,0x00000000e3c80000)
  from space 10240K, 78% used [0x00000000e3c80000,0x00000000e445ef50,0x00000000e4680000)
  to   space 10752K, 0% used [0x00000000e5e80000,0x00000000e5e80000,0x00000000e6900000)
 ParOldGen       total 58368K, used 8683K [0x00000000a0000000, 0x00000000a3900000, 0x00000000e0000000)
  object space 58368K, 14% used [0x00000000a0000000,0x00000000a087afb8,0x00000000a3900000)
 Metaspace       used 29915K, capacity 30568K, committed 30592K, reserved 1075200K
  class space    used 3992K, capacity 4213K, committed 4224K, reserved 1048576K
}
Event: 14.095 GC heap before
{Heap before GC invocations=9 (full 1):
 PSYoungGen      total 72192K, used 70011K [0x00000000e0000000, 0x00000000e6900000, 0x0000000100000000)
  eden space 61952K, 100% used [0x00000000e0000000,0x00000000e3c80000,0x00000000e3c80000)
  from space 10240K, 78% used [0x00000000e3c80000,0x00000000e445ef50,0x00000000e4680000)
  to   space 10752K, 0% used [0x00000000e5e80000,0x00000000e5e80000,0x00000000e6900000)
 ParOldGen       total 58368K, used 8683K [0x00000000a0000000, 0x00000000a3900000, 0x00000000e0000000)
  object space 58368K, 14% used [0x00000000a0000000,0x00000000a087afb8,0x00000000a3900000)
 Metaspace       used 33448K, capacity 34180K, committed 34304K, reserved 1079296K
  class space    used 4589K, capacity 4819K, committed 4864K, reserved 1048576K
Event: 14.111 GC heap after
Heap after GC invocations=9 (full 1):
 PSYoungGen      total 94720K, used 10720K [0x00000000e0000000, 0x00000000e7700000, 0x0000000100000000)
  eden space 83968K, 0% used [0x00000000e0000000,0x00000000e0000000,0x00000000e5200000)
  from space 10752K, 99% used [0x00000000e5e80000,0x00000000e68f8250,0x00000000e6900000)
  to   space 12800K, 0% used [0x00000000e5200000,0x00000000e5200000,0x00000000e5e80000)
 ParOldGen       total 58368K, used 9822K [0x00000000a0000000, 0x00000000a3900000, 0x00000000e0000000)
  object space 58368K, 16% used [0x00000000a0000000,0x00000000a0997bd8,0x00000000a3900000)
 Metaspace       used 33448K, capacity 34180K, committed 34304K, reserved 1079296K
  class space    used 4589K, capacity 4819K, committed 4864K, reserved 1048576K
}
Event: 15.263 GC heap before
{Heap before GC invocations=10 (full 1):
 PSYoungGen      total 94720K, used 30448K [0x00000000e0000000, 0x00000000e7700000, 0x0000000100000000)
  eden space 83968K, 23% used [0x00000000e0000000,0x00000000e1343e38,0x00000000e5200000)
  from space 10752K, 99% used [0x00000000e5e80000,0x00000000e68f8250,0x00000000e6900000)
  to   space 12800K, 0% used [0x00000000e5200000,0x00000000e5200000,0x00000000e5e80000)
 ParOldGen       total 58368K, used 9822K [0x00000000a0000000, 0x00000000a3900000, 0x00000000e0000000)
  object space 58368K, 16% used [0x00000000a0000000,0x00000000a0997bd8,0x00000000a3900000)
 Metaspace       used 34559K, capacity 35320K, committed 35416K, reserved 1079296K
  class space    used 4739K, capacity 5030K, committed 5120K, reserved 1048576K
Event: 15.282 GC heap after
Heap after GC invocations=10 (full 1):
 PSYoungGen      total 96768K, used 7986K [0x00000000e0000000, 0x00000000e8600000, 0x0000000100000000)
  eden space 83968K, 0% used [0x00000000e0000000,0x00000000e0000000,0x00000000e5200000)
  from space 12800K, 62% used [0x00000000e5200000,0x00000000e59ccaa8,0x00000000e5e80000)
  to   space 12288K, 0% used [0x00000000e7a00000,0x00000000e7a00000,0x00000000e8600000)
 ParOldGen       total 58368K, used 12499K [0x00000000a0000000, 0x00000000a3900000, 0x00000000e0000000)
  object space 58368K, 21% used [0x00000000a0000000,0x00000000a0c34c08,0x00000000a3900000)
 Metaspace       used 34559K, capacity 35320K, committed 35416K, reserved 1079296K
  class space    used 4739K, capacity 5030K, committed 5120K, reserved 1048576K
}
Event: 15.283 GC heap before
{Heap before GC invocations=11 (full 2):
 PSYoungGen      total 96768K, used 7986K [0x00000000e0000000, 0x00000000e8600000, 0x0000000100000000)
  eden space 83968K, 0% used [0x00000000e0000000,0x00000000e0000000,0x00000000e5200000)
  from space 12800K, 62% used [0x00000000e5200000,0x00000000e59ccaa8,0x00000000e5e80000)
  to   space 12288K, 0% used [0x00000000e7a00000,0x00000000e7a00000,0x00000000e8600000)
 ParOldGen       total 58368K, used 12499K [0x00000000a0000000, 0x00000000a3900000, 0x00000000e0000000)
  object space 58368K, 21% used [0x00000000a0000000,0x00000000a0c34c08,0x00000000a3900000)
 Metaspace       used 34559K, capacity 35320K, committed 35416K, reserved 1079296K
  class space    used 4739K, capacity 5030K, committed 5120K, reserved 1048576K
Event: 15.426 GC heap after
Heap after GC invocations=11 (full 2):
 PSYoungGen      total 96768K, used 0K [0x00000000e0000000, 0x00000000e8600000, 0x0000000100000000)
  eden space 83968K, 0% used [0x00000000e0000000,0x00000000e0000000,0x00000000e5200000)
  from space 12800K, 0% used [0x00000000e5200000,0x00000000e5200000,0x00000000e5e80000)
  to   space 12288K, 0% used [0x00000000e7a00000,0x00000000e7a00000,0x00000000e8600000)
 ParOldGen       total 90624K, used 16815K [0x00000000a0000000, 0x00000000a5880000, 0x00000000e0000000)
  object space 90624K, 18% used [0x00000000a0000000,0x00000000a106be30,0x00000000a5880000)
 Metaspace       used 34508K, capacity 35188K, committed 35416K, reserved 1079296K
  class space    used 4725K, capacity 4986K, committed 5120K, reserved 1048576K
}

Deoptimization events (10 events):
Event: 15.633 Thread 0x0000000019a5a800 Uncommon trap: reason=bimorphic action=maybe_recompile pc=0x00000000039a075c method=java.util.Arrays.binarySearch0([Ljava/lang/Object;IILjava/lang/Object;Ljava/util/Comparator;)I @ 48
Event: 15.685 Thread 0x0000000019a5a800 Uncommon trap: reason=unstable_if action=reinterpret pc=0x0000000003bc6f90 method=java.security.CodeSource.hashCode()I @ 4
Event: 15.685 Thread 0x0000000019a5a800 Uncommon trap: reason=unstable_if action=reinterpret pc=0x0000000003b422cc method=java.security.CodeSource.hashCode()I @ 4
Event: 15.719 Thread 0x0000000019a5a800 Uncommon trap: reason=unstable_if action=reinterpret pc=0x0000000003953cdc method=java.util.regex.Pattern.has(I)Z @ 6
Event: 16.056 Thread 0x0000000019a5a800 Uncommon trap: reason=unstable_if action=reinterpret pc=0x00000000037a206c method=java.util.concurrent.ConcurrentHashMap.get(Ljava/lang/Object;)Ljava/lang/Object; @ 152
Event: 16.094 Thread 0x0000000019a5a800 Uncommon trap: reason=unstable_if action=reinterpret pc=0x000000000354b5a8 method=java.net.URLStreamHandler.sameFile(Ljava/net/URL;Ljava/net/URL;)Z @ 63
Event: 16.262 Thread 0x0000000019a5a800 Uncommon trap: reason=unstable_if action=reinterpret pc=0x0000000003ab9134 method=java.util.HashMap.putVal(ILjava/lang/Object;Ljava/lang/Object;ZZ)Ljava/lang/Object; @ 162
Event: 16.262 Thread 0x0000000019a5a800 Uncommon trap: reason=unstable_if action=reinterpret pc=0x000000000344e804 method=java.util.HashMap.resize()[Ljava/util/HashMap$Node; @ 206
Event: 16.456 Thread 0x0000000019a5a800 Uncommon trap: reason=unstable_if action=reinterpret pc=0x0000000003c73834 method=java.lang.reflect.Modifier.toString(I)Ljava/lang/String; @ 123
Event: 16.456 Thread 0x0000000019a5a800 Uncommon trap: reason=unstable_if action=reinterpret pc=0x0000000003c964e4 method=java.lang.reflect.Modifier.toString(I)Ljava/lang/String; @ 123

Classes redefined (0 events):
No events

Internal exceptions (10 events):
Event: 15.083 Thread 0x0000000019a5a800 Exception <a 'java/lang/ClassNotFoundException': org/gradle/api/internal/AbstractTaskBeanInfo> (0x00000000e0c54c08) thrown at [D:\src\AOSP-openjdk-cygwin\jdk8u\hotspot\src\share\vm\classfile\systemDictionary.cpp, line 210]
Event: 15.083 Thread 0x0000000019a5a800 Exception <a 'java/lang/ClassNotFoundException': org/gradle/api/internal/AbstractTaskCustomizer> (0x00000000e0c7e970) thrown at [D:\src\AOSP-openjdk-cygwin\jdk8u\hotspot\src\share\vm\classfile\systemDictionary.cpp, line 210]
Event: 15.089 Thread 0x0000000019a5a800 Exception <a 'java/lang/ClassNotFoundException': org/gradle/api/DefaultTaskCustomizer> (0x00000000e0d05950) thrown at [D:\src\AOSP-openjdk-cygwin\jdk8u\hotspot\src\share\vm\classfile\systemDictionary.cpp, line 210]
Event: 15.091 Thread 0x0000000019a5a800 Exception <a 'java/lang/ClassNotFoundException': org/gradle/api/internal/ConventionTaskCustomizer> (0x00000000e0d3f1e0) thrown at [D:\src\AOSP-openjdk-cygwin\jdk8u\hotspot\src\share\vm\classfile\systemDictionary.cpp, line 210]
Event: 15.093 Thread 0x0000000019a5a800 Exception <a 'java/lang/ClassNotFoundException': org/gradle/api/tasks/DeleteCustomizer> (0x00000000e0d76920) thrown at [D:\src\AOSP-openjdk-cygwin\jdk8u\hotspot\src\share\vm\classfile\systemDictionary.cpp, line 210]
Event: 15.095 Thread 0x0000000019a5a800 Exception <a 'java/lang/ClassNotFoundException': org/gradle/api/tasks/Delete_DecoratedCustomizer> (0x00000000e0dbbc28) thrown at [D:\src\AOSP-openjdk-cygwin\jdk8u\hotspot\src\share\vm\classfile\systemDictionary.cpp, line 210]
Event: 15.197 Thread 0x0000000019a5a800 Exception <a 'java/lang/ClassNotFoundException': build_b4lh7gkpuopgjoxo45wh5uw5eBeanInfo> (0x00000000e0edcf70) thrown at [D:\src\AOSP-openjdk-cygwin\jdk8u\hotspot\src\share\vm\classfile\systemDictionary.cpp, line 210]
Event: 15.197 Thread 0x0000000019a5a800 Exception <a 'java/lang/ClassNotFoundException': build_b4lh7gkpuopgjoxo45wh5uw5eCustomizer> (0x00000000e0ee7450) thrown at [D:\src\AOSP-openjdk-cygwin\jdk8u\hotspot\src\share\vm\classfile\systemDictionary.cpp, line 210]
Event: 15.684 Thread 0x0000000019a5a800 Implicit null exception at 0x0000000003bc61b8 to 0x0000000003bc6f59
Event: 15.685 Thread 0x0000000019a5a800 Implicit null exception at 0x0000000003b41fd5 to 0x0000000003b422bd

Events (10 events):
Event: 16.525 loading class org/apache/tools/ant/types/PropertySet
Event: 16.525 loading class org/apache/tools/ant/types/PropertySet done
Event: 16.528 loading class org/apache/tools/ant/types/Reference
Event: 16.528 loading class org/apache/tools/ant/types/Reference done
Event: 16.529 loading class org/apache/tools/ant/Location
Event: 16.529 loading class org/apache/tools/ant/Location done
Event: 16.535 loading class org/apache/tools/ant/input/InputRequest
Event: 16.535 loading class org/apache/tools/ant/input/InputRequest done
Event: 16.542 loading class org/apache/tools/ant/taskdefs/condition/Condition
Event: 16.542 loading class org/apache/tools/ant/taskdefs/condition/Condition done


Dynamic libraries:
0x00007ff70d4d0000 - 0x00007ff70d501000 	D:\AndroidStudio\jre\bin\java.exe
0x00007ffa24b50000 - 0x00007ffa24d31000 	C:\WINDOWS\SYSTEM32\ntdll.dll
0x00007ffa22ad0000 - 0x00007ffa22b81000 	C:\WINDOWS\System32\KERNEL32.DLL
0x00007ffa21230000 - 0x00007ffa214a3000 	C:\WINDOWS\System32\KERNELBASE.dll
0x00007ffa22bb0000 - 0x00007ffa22c51000 	C:\WINDOWS\System32\ADVAPI32.dll
0x00007ffa226f0000 - 0x00007ffa2278e000 	C:\WINDOWS\System32\msvcrt.dll
0x00007ffa24a60000 - 0x00007ffa24abb000 	C:\WINDOWS\System32\sechost.dll
0x00007ffa22f90000 - 0x00007ffa230b4000 	C:\WINDOWS\System32\RPCRT4.dll
0x00007ffa23140000 - 0x00007ffa232d0000 	C:\WINDOWS\System32\USER32.dll
0x00007ffa21020000 - 0x00007ffa21040000 	C:\WINDOWS\System32\win32u.dll
0x00007ffa22880000 - 0x00007ffa228a8000 	C:\WINDOWS\System32\GDI32.dll
0x00007ffa214b0000 - 0x00007ffa21642000 	C:\WINDOWS\System32\gdi32full.dll
0x00007ffa21650000 - 0x00007ffa216ef000 	C:\WINDOWS\System32\msvcp_win.dll
0x00007ffa20f20000 - 0x00007ffa21018000 	C:\WINDOWS\System32\ucrtbase.dll
0x00007ffa119e0000 - 0x00007ffa11c49000 	C:\WINDOWS\WinSxS\amd64_microsoft.windows.common-controls_6595b64144ccf1df_6.0.17134.706_none_fb43a2cb30647007\COMCTL32.dll
0x00007ffa22c60000 - 0x00007ffa22f82000 	C:\WINDOWS\System32\combase.dll
0x00007ffa21e00000 - 0x00007ffa21e7a000 	C:\WINDOWS\System32\bcryptPrimitives.dll
0x00007ffa23450000 - 0x00007ffa2347d000 	C:\WINDOWS\System32\IMM32.DLL
0x0000000073c00000 - 0x0000000073cd2000 	D:\AndroidStudio\jre\jre\bin\msvcr100.dll
0x0000000073ce0000 - 0x000000007451f000 	D:\AndroidStudio\jre\jre\bin\server\jvm.dll
0x00007ffa23480000 - 0x00007ffa23488000 	C:\WINDOWS\System32\PSAPI.DLL
0x00007ffa0d520000 - 0x00007ffa0d529000 	C:\WINDOWS\SYSTEM32\WSOCK32.dll
0x00007ffa22a50000 - 0x00007ffa22abc000 	C:\WINDOWS\System32\WS2_32.dll
0x00007ffa1ead0000 - 0x00007ffa1eaf3000 	C:\WINDOWS\SYSTEM32\WINMM.dll
0x00007ffa159d0000 - 0x00007ffa159da000 	C:\WINDOWS\SYSTEM32\VERSION.dll
0x00007ffa1eaa0000 - 0x00007ffa1eaca000 	C:\WINDOWS\SYSTEM32\WINMMBASE.dll
0x00007ffa21f90000 - 0x00007ffa21fd9000 	C:\WINDOWS\System32\cfgmgr32.dll
0x00007ffa1d790000 - 0x00007ffa1d79f000 	D:\AndroidStudio\jre\jre\bin\verify.dll
0x00007ffa0e260000 - 0x00007ffa0e289000 	D:\AndroidStudio\jre\jre\bin\java.dll
0x00007ffa0e2e0000 - 0x00007ffa0e2f6000 	D:\AndroidStudio\jre\jre\bin\zip.dll
0x00007ffa23620000 - 0x00007ffa24a60000 	C:\WINDOWS\System32\SHELL32.dll
0x00007ffa224d0000 - 0x00007ffa22579000 	C:\WINDOWS\System32\shcore.dll
0x00007ffa216f0000 - 0x00007ffa21dfd000 	C:\WINDOWS\System32\windows.storage.dll
0x00007ffa24ac0000 - 0x00007ffa24b11000 	C:\WINDOWS\System32\shlwapi.dll
0x00007ffa20f00000 - 0x00007ffa20f11000 	C:\WINDOWS\System32\kernel.appcore.dll
0x00007ffa20e60000 - 0x00007ffa20e7f000 	C:\WINDOWS\System32\profapi.dll
0x00007ffa20eb0000 - 0x00007ffa20efc000 	C:\WINDOWS\System32\powrprof.dll
0x00007ffa20e80000 - 0x00007ffa20e8a000 	C:\WINDOWS\System32\FLTLIB.DLL
0x00007ffa0dd30000 - 0x00007ffa0dd4a000 	D:\AndroidStudio\jre\jre\bin\net.dll
0x00007ffa20680000 - 0x00007ffa206e6000 	C:\WINDOWS\system32\mswsock.dll
0x00007ffa0d890000 - 0x00007ffa0d8a1000 	D:\AndroidStudio\jre\jre\bin\nio.dll
0x00007ffa09d70000 - 0x00007ffa09d8e000 	C:\Users\Lenovo\.gradle\native\25\windows-amd64\native-platform.dll
0x00007ffa1cd70000 - 0x00007ffa1cd7d000 	D:\AndroidStudio\jre\jre\bin\management.dll
0x00007ffa20830000 - 0x00007ffa20847000 	C:\WINDOWS\SYSTEM32\CRYPTSP.dll
0x00007ffa20260000 - 0x00007ffa20293000 	C:\WINDOWS\system32\rsaenh.dll
0x00007ffa209c0000 - 0x00007ffa209e5000 	C:\WINDOWS\SYSTEM32\bcrypt.dll
0x00007ffa20d90000 - 0x00007ffa20db8000 	C:\WINDOWS\SYSTEM32\USERENV.dll
0x00007ffa20850000 - 0x00007ffa2085b000 	C:\WINDOWS\SYSTEM32\CRYPTBASE.dll
0x00007ffa20400000 - 0x00007ffa20438000 	C:\WINDOWS\SYSTEM32\IPHLPAPI.DLL
0x00007ffa22ac0000 - 0x00007ffa22ac8000 	C:\WINDOWS\System32\NSI.dll
0x00007ffa19200000 - 0x00007ffa19216000 	C:\WINDOWS\SYSTEM32\dhcpcsvc6.DLL
0x00007ffa1aef0000 - 0x00007ffa1af0a000 	C:\WINDOWS\SYSTEM32\dhcpcsvc.DLL

VM Arguments:
jvm_args: -Xmx1536m -Dfile.encoding=windows-1251 -Duser.country=RU -Duser.language=ru -Duser.variant 
java_command: org.gradle.launcher.daemon.bootstrap.GradleDaemon 4.4
java_class_path (initial): C:\Users\Lenovo\.gradle\wrapper\dists\gradle-4.4-all\9br9xq1tocpiv8o6njlyu5op1\gradle-4.4\lib\gradle-launcher-4.4.jar
Launcher Type: SUN_STANDARD

Environment Variables:
PATH=C:\Program Files (x86)\Common Files\Oracle\Java\javapath;C:\Windows\system32;C:\Windows;C:\Windows\System32\Wbem;C:\Windows\System32\WindowsPowerShell\v1.0\;C:\Program Files (x86)\NVIDIA Corporation\PhysX\Common;C:\Program Files (x86)\Windows Kits\8.1\Windows Performance Toolkit\;C:\Program Files\Microsoft SQL Server\110\Tools\Binn\;C:\WINDOWS\system32;C:\WINDOWS;C:\WINDOWS\System32\Wbem;C:\WINDOWS\System32\WindowsPowerShell\v1.0\;C:\WINDOWS\System32\OpenSSH\;C:\Users\Lenovo\AppData\Local\Microsoft\WindowsApps;
USERNAME=Lenovo
OS=Windows_NT
PROCESSOR_IDENTIFIER=Intel64 Family 6 Model 142 Stepping 9, GenuineIntel



---------------  S Y S T E M  ---------------

OS: Windows 10.0 , 64 bit Build 17134 (10.0.17134.706)

CPU:total 4 (initial active 4) (2 cores per cpu, 2 threads per core) family 6 model 142 stepping 9, cmov, cx8, fxsr, mmx, sse, sse2, sse3, ssse3, sse4.1, sse4.2, popcnt, avx, avx2, aes, clmul, erms, 3dnowpref, lzcnt, ht, tsc, tscinvbit, bmi1, bmi2, adx

Memory: 4k page, physical 8260324k(1188996k free), swap 11406052k(2796k free)

vm_info: OpenJDK 64-Bit Server VM (25.152-b02) for windows-amd64 JRE (1.8.0_152-release-1024-b02), built by "builder" with MS VC++ 10.0 (VS2010)

time: Wed May 01 15:00:28 2019
elapsed time: 16 seconds (0d 0h 0m 16s)

