#
# There is insufficient memory for the Java Runtime Environment to continue.
# Native memory allocation (malloc) failed to allocate 259056 bytes for Chunk::new
# Possible reasons:
#   The system is out of physical RAM or swap space
#   In 32 bit mode, the process size limit was hit
# Possible solutions:
#   Reduce memory load on the system
#   Increase physical memory or swap space
#   Check if swap backing store is full
#   Use 64 bit Java on a 64 bit OS
#   Decrease Java heap size (-Xmx/-Xms)
#   Decrease number of Java threads
#   Decrease Java thread stack sizes (-Xss)
#   Set larger code cache with -XX:ReservedCodeCacheSize=
# This output file may be truncated or incomplete.
#
#  Out of Memory Error (allocation.cpp:390), pid=17364, tid=0x00000000000034b8
#
# JRE version: OpenJDK Runtime Environment (8.0_152-b02) (build 1.8.0_152-release-1024-b02)
# Java VM: OpenJDK 64-Bit Server VM (25.152-b02 mixed mode windows-amd64 compressed oops)
# Failed to write core dump. Minidumps are not enabled by default on client versions of Windows
#

---------------  T H R E A D  ---------------

Current thread (0x0000000016705800):  JavaThread "C2 CompilerThread0" daemon [_thread_in_native, id=13496, stack(0x0000000017d60000,0x0000000017e60000)]

Stack: [0x0000000017d60000,0x0000000017e60000]
[error occurred during error reporting (printing stack bounds), id 0xc0000005]

Native frames: (J=compiled Java code, j=interpreted, Vv=VM code, C=native code)


Current CompileTask:
C2:   8508 3368       4       java.lang.reflect.Executable::printModifiersIfNonzero (101 bytes)


---------------  P R O C E S S  ---------------

Java Threads: ( => current thread )
  0x000000001c027800 JavaThread "Memory manager" [_thread_blocked, id=16524, stack(0x0000000021c20000,0x0000000021d20000)]
  0x000000001d142800 JavaThread "build operations Thread 4" [_thread_blocked, id=11988, stack(0x0000000021520000,0x0000000021620000)]
  0x000000001d140000 JavaThread "build operations Thread 3" [_thread_blocked, id=15612, stack(0x0000000021420000,0x0000000021520000)]
  0x000000001d144000 JavaThread "build operations Thread 2" [_thread_blocked, id=1692, stack(0x0000000021320000,0x0000000021420000)]
  0x000000001d146800 JavaThread "build operations" [_thread_blocked, id=11720, stack(0x000000001feb0000,0x000000001ffb0000)]
  0x000000001d143000 JavaThread "Cache worker for Artifact transforms cache (C:\Users\Lenovo\.gradle\caches\transforms-1)" [_thread_blocked, id=4820, stack(0x000000001fbb0000,0x000000001fcb0000)]
  0x0000000019d96000 JavaThread "Cache worker for file hash cache (D:\AndroidProjects\BeatBox\.gradle\4.4\fileHashes)" [_thread_blocked, id=6156, stack(0x000000001c290000,0x000000001c390000)]
  0x000000001991f800 JavaThread "File lock request listener" [_thread_in_native, id=6724, stack(0x000000001b1c0000,0x000000001b2c0000)]
  0x000000001982b000 JavaThread "Cache worker for file hash cache (C:\Users\Lenovo\.gradle\caches\4.4\fileHashes)" [_thread_blocked, id=16176, stack(0x000000001b0c0000,0x000000001b1c0000)]
  0x0000000018344800 JavaThread "Stdin handler" [_thread_blocked, id=2648, stack(0x000000001adc0000,0x000000001aec0000)]
  0x0000000018344000 JavaThread "Asynchronous log dispatcher for DefaultDaemonConnection: socket connection from /127.0.0.1:64014 to /127.0.0.1:64015" [_thread_blocked, id=16552, stack(0x000000001acc0000,0x000000001adc0000)]
  0x000000001988f000 JavaThread "Daemon worker" [_thread_in_Java, id=13848, stack(0x000000001abc0000,0x000000001acc0000)]
  0x0000000019890800 JavaThread "Cancel handler" [_thread_blocked, id=16264, stack(0x000000001aac0000,0x000000001abc0000)]
  0x0000000019674800 JavaThread "Handler for socket connection from /127.0.0.1:64014 to /127.0.0.1:64015" [_thread_in_native, id=4156, stack(0x000000001a7c0000,0x000000001a8c0000)]
  0x000000001963c800 JavaThread "Daemon" [_thread_blocked, id=12728, stack(0x000000001a6c0000,0x000000001a7c0000)]
  0x00000000195ca800 JavaThread "Daemon periodic checks" [_thread_blocked, id=13916, stack(0x000000001a5c0000,0x000000001a6c0000)]
  0x00000000195c7000 JavaThread "Incoming local TCP Connector on port 64014" [_thread_in_native, id=3340, stack(0x000000001a370000,0x000000001a470000)]
  0x0000000018088800 JavaThread "Service Thread" daemon [_thread_blocked, id=3584, stack(0x0000000018460000,0x0000000018560000)]
  0x000000001671a800 JavaThread "C1 CompilerThread2" daemon [_thread_blocked, id=15788, stack(0x0000000017f60000,0x0000000018060000)]
  0x0000000016713800 JavaThread "C2 CompilerThread1" daemon [_thread_in_native, id=9972, stack(0x0000000017e60000,0x0000000017f60000)]
=>0x0000000016705800 JavaThread "C2 CompilerThread0" daemon [_thread_in_native, id=13496, stack(0x0000000017d60000,0x0000000017e60000)]
  0x0000000016704000 JavaThread "Attach Listener" daemon [_thread_blocked, id=13240, stack(0x0000000017c60000,0x0000000017d60000)]
  0x0000000016701800 JavaThread "Signal Dispatcher" daemon [_thread_blocked, id=16080, stack(0x0000000017b60000,0x0000000017c60000)]
  0x00000000166e7000 JavaThread "Finalizer" daemon [_thread_blocked, id=16396, stack(0x0000000017960000,0x0000000017a60000)]
  0x0000000002d81000 JavaThread "Reference Handler" daemon [_thread_blocked, id=12792, stack(0x0000000017860000,0x0000000017960000)]
  0x0000000002c92800 JavaThread "main" [_thread_blocked, id=9980, stack(0x0000000002b90000,0x0000000002c90000)]

Other Threads:
  0x00000000166c6000 VMThread [stack: 0x0000000017760000,0x0000000017860000] [id=7080]
  0x000000001675c000 WatcherThread [stack: 0x0000000018560000,0x0000000018660000] [id=10688]

VM state:not at safepoint (normal execution)

VM Mutex/Monitor currently owned by a thread: None

Heap:
 PSYoungGen      total 103936K, used 27846K [0x00000000e0000000, 0x00000000e7a80000, 0x0000000100000000)
  eden space 93184K, 29% used [0x00000000e0000000,0x00000000e1b31890,0x00000000e5b00000)
  from space 10752K, 0% used [0x00000000e6600000,0x00000000e6600000,0x00000000e7080000)
  to   space 11264K, 0% used [0x00000000e5b00000,0x00000000e5b00000,0x00000000e6600000)
 ParOldGen       total 88064K, used 16007K [0x00000000a0000000, 0x00000000a5600000, 0x00000000e0000000)
  object space 88064K, 18% used [0x00000000a0000000,0x00000000a0fa1c80,0x00000000a5600000)
 Metaspace       used 36397K, capacity 36986K, committed 37208K, reserved 1081344K
  class space    used 4993K, capacity 5205K, committed 5248K, reserved 1048576K

Card table byte_map: [0x0000000012150000,0x0000000012460000] byte_map_base: 0x0000000011c50000

Marking Bits: (ParMarkBitMap*) 0x0000000057564970
 Begin Bits: [0x0000000012a60000, 0x0000000014260000)
 End Bits:   [0x0000000014260000, 0x0000000015a60000)

Polling page: 0x0000000000e70000

CodeCache: size=245760Kb used=10910Kb max_used=10910Kb free=234849Kb
 bounds [0x0000000002d90000, 0x0000000003850000, 0x0000000011d90000]
 total_blobs=3859 nmethods=3157 adapters=615
 compilation: enabled

Compilation events (10 events):
Event: 8.489 Thread 0x000000001671a800 nmethod 3395 0x0000000003803a90 code [0x0000000003803d20, 0x0000000003804f28]
Event: 8.489 Thread 0x000000001671a800 3399       3       sun.reflect.annotation.AnnotationParser::toArray (18 bytes)
Event: 8.489 Thread 0x000000001671a800 nmethod 3399 0x0000000003803450 code [0x00000000038035e0, 0x0000000003803998]
Event: 8.489 Thread 0x000000001671a800 3404       1       org.gradle.model.internal.manage.schema.ModelProperty::getType (5 bytes)
Event: 8.489 Thread 0x000000001671a800 nmethod 3404 0x0000000003803110 code [0x0000000003803260, 0x0000000003803370]
Event: 8.489 Thread 0x000000001671a800 3401       1       org.gradle.model.internal.manage.schema.extract.ModelPropertyExtractionContext::getPropertyName (5 bytes)
Event: 8.489 Thread 0x000000001671a800 nmethod 3401 0x0000000003801990 code [0x0000000003801ae0, 0x0000000003801bf0]
Event: 8.489 Thread 0x000000001671a800 3402       1       java.util.EnumMap::access$200 (5 bytes)
Event: 8.489 Thread 0x000000001671a800 nmethod 3402 0x000000000380a350 code [0x000000000380a4a0, 0x000000000380a590]
Event: 8.500 Thread 0x0000000016713800 3405       4       java.lang.reflect.Modifier::toString (202 bytes)

GC Heap History (10 events):
Event: 3.636 GC heap before
{Heap before GC invocations=6 (full 1):
 PSYoungGen      total 71680K, used 5088K [0x00000000e0000000, 0x00000000e4b00000, 0x0000000100000000)
  eden space 66560K, 0% used [0x00000000e0000000,0x00000000e0000000,0x00000000e4100000)
  from space 5120K, 99% used [0x00000000e4100000,0x00000000e45f8050,0x00000000e4600000)
  to   space 5120K, 0% used [0x00000000e4600000,0x00000000e4600000,0x00000000e4b00000)
 ParOldGen       total 87552K, used 8328K [0x00000000a0000000, 0x00000000a5580000, 0x00000000e0000000)
  object space 87552K, 9% used [0x00000000a0000000,0x00000000a0822170,0x00000000a5580000)
 Metaspace       used 20851K, capacity 21212K, committed 21248K, reserved 1067008K
  class space    used 2910K, capacity 3042K, committed 3072K, reserved 1048576K
Event: 3.696 GC heap after
Heap after GC invocations=6 (full 1):
 PSYoungGen      total 71680K, used 0K [0x00000000e0000000, 0x00000000e4b00000, 0x0000000100000000)
  eden space 66560K, 0% used [0x00000000e0000000,0x00000000e0000000,0x00000000e4100000)
  from space 5120K, 0% used [0x00000000e4100000,0x00000000e4100000,0x00000000e4600000)
  to   space 5120K, 0% used [0x00000000e4600000,0x00000000e4600000,0x00000000e4b00000)
 ParOldGen       total 58880K, used 8015K [0x00000000a0000000, 0x00000000a3980000, 0x00000000e0000000)
  object space 58880K, 13% used [0x00000000a0000000,0x00000000a07d3d68,0x00000000a3980000)
 Metaspace       used 20851K, capacity 21212K, committed 21248K, reserved 1067008K
  class space    used 2910K, capacity 3042K, committed 3072K, reserved 1048576K
}
Event: 5.339 GC heap before
{Heap before GC invocations=7 (full 1):
 PSYoungGen      total 71680K, used 66560K [0x00000000e0000000, 0x00000000e4b00000, 0x0000000100000000)
  eden space 66560K, 100% used [0x00000000e0000000,0x00000000e4100000,0x00000000e4100000)
  from space 5120K, 0% used [0x00000000e4100000,0x00000000e4100000,0x00000000e4600000)
  to   space 5120K, 0% used [0x00000000e4600000,0x00000000e4600000,0x00000000e4b00000)
 ParOldGen       total 58880K, used 8015K [0x00000000a0000000, 0x00000000a3980000, 0x00000000e0000000)
  object space 58880K, 13% used [0x00000000a0000000,0x00000000a07d3d68,0x00000000a3980000)
 Metaspace       used 26620K, capacity 27068K, committed 27136K, reserved 1073152K
  class space    used 3678K, capacity 3833K, committed 3840K, reserved 1048576K
Event: 5.348 GC heap after
Heap after GC invocations=7 (full 1):
 PSYoungGen      total 67072K, used 5116K [0x00000000e0000000, 0x00000000e7800000, 0x0000000100000000)
  eden space 61952K, 0% used [0x00000000e0000000,0x00000000e0000000,0x00000000e3c80000)
  from space 5120K, 99% used [0x00000000e4600000,0x00000000e4aff088,0x00000000e4b00000)
  to   space 9728K, 0% used [0x00000000e3c80000,0x00000000e3c80000,0x00000000e4600000)
 ParOldGen       total 58880K, used 10028K [0x00000000a0000000, 0x00000000a3980000, 0x00000000e0000000)
  object space 58880K, 17% used [0x00000000a0000000,0x00000000a09cb388,0x00000000a3980000)
 Metaspace       used 26620K, capacity 27068K, committed 27136K, reserved 1073152K
  class space    used 3678K, capacity 3833K, committed 3840K, reserved 1048576K
}
Event: 7.189 GC heap before
{Heap before GC invocations=8 (full 1):
 PSYoungGen      total 67072K, used 67068K [0x00000000e0000000, 0x00000000e7800000, 0x0000000100000000)
  eden space 61952K, 100% used [0x00000000e0000000,0x00000000e3c80000,0x00000000e3c80000)
  from space 5120K, 99% used [0x00000000e4600000,0x00000000e4aff088,0x00000000e4b00000)
  to   space 9728K, 0% used [0x00000000e3c80000,0x00000000e3c80000,0x00000000e4600000)
 ParOldGen       total 58880K, used 10028K [0x00000000a0000000, 0x00000000a3980000, 0x00000000e0000000)
  object space 58880K, 17% used [0x00000000a0000000,0x00000000a09cb388,0x00000000a3980000)
 Metaspace       used 29945K, capacity 30450K, committed 30592K, reserved 1075200K
  class space    used 4201K, capacity 4362K, committed 4480K, reserved 1048576K
Event: 7.206 GC heap after
Heap after GC invocations=8 (full 1):
 PSYoungGen      total 71680K, used 9004K [0x00000000e0000000, 0x00000000e7080000, 0x0000000100000000)
  eden space 61952K, 0% used [0x00000000e0000000,0x00000000e0000000,0x00000000e3c80000)
  from space 9728K, 92% used [0x00000000e3c80000,0x00000000e454b0f0,0x00000000e4600000)
  to   space 10752K, 0% used [0x00000000e6600000,0x00000000e6600000,0x00000000e7080000)
 ParOldGen       total 58880K, used 10036K [0x00000000a0000000, 0x00000000a3980000, 0x00000000e0000000)
  object space 58880K, 17% used [0x00000000a0000000,0x00000000a09cd388,0x00000000a3980000)
 Metaspace       used 29945K, capacity 30450K, committed 30592K, reserved 1075200K
  class space    used 4201K, capacity 4362K, committed 4480K, reserved 1048576K
}
Event: 7.793 GC heap before
{Heap before GC invocations=9 (full 1):
 PSYoungGen      total 71680K, used 31669K [0x00000000e0000000, 0x00000000e7080000, 0x0000000100000000)
  eden space 61952K, 36% used [0x00000000e0000000,0x00000000e1622480,0x00000000e3c80000)
  from space 9728K, 92% used [0x00000000e3c80000,0x00000000e454b0f0,0x00000000e4600000)
  to   space 10752K, 0% used [0x00000000e6600000,0x00000000e6600000,0x00000000e7080000)
 ParOldGen       total 58880K, used 10036K [0x00000000a0000000, 0x00000000a3980000, 0x00000000e0000000)
  object space 58880K, 17% used [0x00000000a0000000,0x00000000a09cd388,0x00000000a3980000)
 Metaspace       used 34592K, capacity 35130K, committed 35416K, reserved 1079296K
  class space    used 4772K, capacity 4971K, committed 4992K, reserved 1048576K
Event: 7.840 GC heap after
Heap after GC invocations=9 (full 1):
 PSYoungGen      total 103936K, used 9422K [0x00000000e0000000, 0x00000000e7a80000, 0x0000000100000000)
  eden space 93184K, 0% used [0x00000000e0000000,0x00000000e0000000,0x00000000e5b00000)
  from space 10752K, 87% used [0x00000000e6600000,0x00000000e6f33950,0x00000000e7080000)
  to   space 11264K, 0% used [0x00000000e5b00000,0x00000000e5b00000,0x00000000e6600000)
 ParOldGen       total 58880K, used 10036K [0x00000000a0000000, 0x00000000a3980000, 0x00000000e0000000)
  object space 58880K, 17% used [0x00000000a0000000,0x00000000a09cd388,0x00000000a3980000)
 Metaspace       used 34592K, capacity 35130K, committed 35416K, reserved 1079296K
  class space    used 4772K, capacity 4971K, committed 4992K, reserved 1048576K
}
Event: 7.840 GC heap before
{Heap before GC invocations=10 (full 2):
 PSYoungGen      total 103936K, used 9422K [0x00000000e0000000, 0x00000000e7a80000, 0x0000000100000000)
  eden space 93184K, 0% used [0x00000000e0000000,0x00000000e0000000,0x00000000e5b00000)
  from space 10752K, 87% used [0x00000000e6600000,0x00000000e6f33950,0x00000000e7080000)
  to   space 11264K, 0% used [0x00000000e5b00000,0x00000000e5b00000,0x00000000e6600000)
 ParOldGen       total 58880K, used 10036K [0x00000000a0000000, 0x00000000a3980000, 0x00000000e0000000)
  object space 58880K, 17% used [0x00000000a0000000,0x00000000a09cd388,0x00000000a3980000)
 Metaspace       used 34592K, capacity 35130K, committed 35416K, reserved 1079296K
  class space    used 4772K, capacity 4971K, committed 4992K, reserved 1048576K
Event: 7.997 GC heap after
Heap after GC invocations=10 (full 2):
 PSYoungGen      total 103936K, used 0K [0x00000000e0000000, 0x00000000e7a80000, 0x0000000100000000)
  eden space 93184K, 0% used [0x00000000e0000000,0x00000000e0000000,0x00000000e5b00000)
  from space 10752K, 0% used [0x00000000e6600000,0x00000000e6600000,0x00000000e7080000)
  to   space 11264K, 0% used [0x00000000e5b00000,0x00000000e5b00000,0x00000000e6600000)
 ParOldGen       total 88064K, used 16007K [0x00000000a0000000, 0x00000000a5600000, 0x00000000e0000000)
  object space 88064K, 18% used [0x00000000a0000000,0x00000000a0fa1c80,0x00000000a5600000)
 Metaspace       used 34592K, capacity 35130K, committed 35416K, reserved 1079296K
  class space    used 4772K, capacity 4971K, committed 4992K, reserved 1048576K
}

Deoptimization events (10 events):
Event: 6.893 Thread 0x000000001988f000 Uncommon trap: reason=unstable_if action=reinterpret pc=0x000000000352c204 method=java.net.URLClassLoader.isSealed(Ljava/lang/String;Ljava/util/jar/Manifest;)Z @ 26
Event: 6.950 Thread 0x000000001988f000 Uncommon trap: reason=range_check action=make_not_entrant pc=0x000000000366a5ec method=java.lang.String.charAt(I)C @ 27
Event: 7.319 Thread 0x000000001988f000 Uncommon trap: reason=class_check action=maybe_recompile pc=0x000000000367c094 method=java.io.BufferedInputStream.read1([BII)I @ 39
Event: 7.319 Thread 0x000000001988f000 Uncommon trap: reason=class_check action=maybe_recompile pc=0x000000000367c094 method=java.io.BufferedInputStream.read1([BII)I @ 39
Event: 7.319 Thread 0x000000001988f000 Uncommon trap: reason=class_check action=maybe_recompile pc=0x000000000367c094 method=java.io.BufferedInputStream.read1([BII)I @ 39
Event: 7.323 Thread 0x000000001988f000 Uncommon trap: reason=unstable_if action=reinterpret pc=0x000000000365c310 method=java.util.regex.Pattern.has(I)Z @ 6
Event: 7.460 Thread 0x000000001988f000 Uncommon trap: reason=predicate action=maybe_recompile pc=0x0000000002ef8028 method=java.util.Arrays.binarySearch0([Ljava/lang/Object;IILjava/lang/Object;Ljava/util/Comparator;)I @ 28
Event: 8.462 Thread 0x000000001988f000 Uncommon trap: reason=unstable_if action=reinterpret pc=0x000000000362592c method=java.util.HashMap.putVal(ILjava/lang/Object;Ljava/lang/Object;ZZ)Ljava/lang/Object; @ 162
Event: 8.462 Thread 0x000000001988f000 Uncommon trap: reason=unstable_if action=reinterpret pc=0x00000000036265e8 method=java.util.HashMap.putVal(ILjava/lang/Object;Ljava/lang/Object;ZZ)Ljava/lang/Object; @ 162
Event: 8.463 Thread 0x000000001988f000 Uncommon trap: reason=unstable_if action=reinterpret pc=0x00000000031dde80 method=java.util.HashMap.resize()[Ljava/util/HashMap$Node; @ 206

Classes redefined (0 events):
No events

Internal exceptions (10 events):
Event: 7.016 Thread 0x000000001988f000 Exception <a 'java/lang/ClassNotFoundException': org/gradle/api/internal/AbstractTaskCustomizer> (0x00000000e3998ac0) thrown at [D:\src\AOSP-openjdk-cygwin\jdk8u\hotspot\src\share\vm\classfile\systemDictionary.cpp, line 210]
Event: 7.033 Thread 0x000000001988f000 Exception <a 'java/lang/ClassNotFoundException': org/gradle/api/DefaultTaskCustomizer> (0x00000000e3a207d8) thrown at [D:\src\AOSP-openjdk-cygwin\jdk8u\hotspot\src\share\vm\classfile\systemDictionary.cpp, line 210]
Event: 7.035 Thread 0x000000001988f000 Exception <a 'java/lang/ClassNotFoundException': org/gradle/api/internal/ConventionTaskCustomizer> (0x00000000e3a5a018) thrown at [D:\src\AOSP-openjdk-cygwin\jdk8u\hotspot\src\share\vm\classfile\systemDictionary.cpp, line 210]
Event: 7.039 Thread 0x000000001988f000 Exception <a 'java/lang/ClassNotFoundException': org/gradle/api/tasks/DeleteCustomizer> (0x00000000e3a91748) thrown at [D:\src\AOSP-openjdk-cygwin\jdk8u\hotspot\src\share\vm\classfile\systemDictionary.cpp, line 210]
Event: 7.041 Thread 0x000000001988f000 Exception <a 'java/lang/ClassNotFoundException': org/gradle/api/tasks/Delete_DecoratedCustomizer> (0x00000000e3ad6860) thrown at [D:\src\AOSP-openjdk-cygwin\jdk8u\hotspot\src\share\vm\classfile\systemDictionary.cpp, line 210]
Event: 7.180 Thread 0x000000001988f000 Exception <a 'java/lang/ClassNotFoundException': build_b4lh7gkpuopgjoxo45wh5uw5eBeanInfo> (0x00000000e3c139e8) thrown at [D:\src\AOSP-openjdk-cygwin\jdk8u\hotspot\src\share\vm\classfile\systemDictionary.cpp, line 210]
Event: 7.181 Thread 0x000000001988f000 Exception <a 'java/lang/ClassNotFoundException': build_b4lh7gkpuopgjoxo45wh5uw5eCustomizer> (0x00000000e3c1dec8) thrown at [D:\src\AOSP-openjdk-cygwin\jdk8u\hotspot\src\share\vm\classfile\systemDictionary.cpp, line 210]
Event: 7.208 Thread 0x000000001988f000 Exception <a 'java/lang/ClassNotFoundException': org/gradle/api/internal/plugins/DefaultObjectConfigurationActionBeanInfo> (0x00000000e0002f88) thrown at [D:\src\AOSP-openjdk-cygwin\jdk8u\hotspot\src\share\vm\classfile\systemDictionary.cpp, line 210]
Event: 7.209 Thread 0x000000001988f000 Exception <a 'java/lang/ClassNotFoundException': org/gradle/api/internal/plugins/DefaultObjectConfigurationActionCustomizer> (0x00000000e0039278) thrown at [D:\src\AOSP-openjdk-cygwin\jdk8u\hotspot\src\share\vm\classfile\systemDictionary.cpp, line 210]
Event: 8.135 Thread 0x000000001988f000 Exception <a 'sun/nio/fs/WindowsException'> (0x00000000e04c8bb0) thrown at [D:\src\AOSP-openjdk-cygwin\jdk8u\hotspot\src\share\vm\prims\jni.cpp, line 709]

Events (10 events):
Event: 8.496 loading class org/apache/tools/ant/AntClassLoader
Event: 8.496 loading class org/apache/tools/ant/AntClassLoader done
Event: 8.497 loading class org/apache/tools/ant/SubBuildListener
Event: 8.497 loading class org/apache/tools/ant/SubBuildListener done
Event: 8.498 loading class org/apache/tools/ant/Executor
Event: 8.498 loading class org/apache/tools/ant/Executor done
Event: 8.499 loading class org/apache/tools/ant/types/FilterSet
Event: 8.499 loading class org/apache/tools/ant/types/FilterSet done
Event: 8.500 loading class org/apache/tools/ant/BuildEvent
Event: 8.500 loading class org/apache/tools/ant/BuildEvent done


Dynamic libraries:
0x00007ff6f5d00000 - 0x00007ff6f5d31000 	D:\AndroidStudio\jre\bin\java.exe
0x00007ffc6a840000 - 0x00007ffc6aa21000 	C:\WINDOWS\SYSTEM32\ntdll.dll
0x00007ffc67e60000 - 0x00007ffc67f11000 	C:\WINDOWS\System32\KERNEL32.DLL
0x00007ffc66d80000 - 0x00007ffc66ff3000 	C:\WINDOWS\System32\KERNELBASE.dll
0x00007ffc68b90000 - 0x00007ffc68c31000 	C:\WINDOWS\System32\ADVAPI32.dll
0x00007ffc68af0000 - 0x00007ffc68b8e000 	C:\WINDOWS\System32\msvcrt.dll
0x00007ffc6a3a0000 - 0x00007ffc6a3fb000 	C:\WINDOWS\System32\sechost.dll
0x00007ffc67cd0000 - 0x00007ffc67df4000 	C:\WINDOWS\System32\RPCRT4.dll
0x00007ffc68960000 - 0x00007ffc68af0000 	C:\WINDOWS\System32\USER32.dll
0x00007ffc66d60000 - 0x00007ffc66d80000 	C:\WINDOWS\System32\win32u.dll
0x00007ffc68eb0000 - 0x00007ffc68ed8000 	C:\WINDOWS\System32\GDI32.dll
0x00007ffc67a80000 - 0x00007ffc67c12000 	C:\WINDOWS\System32\gdi32full.dll
0x00007ffc66c10000 - 0x00007ffc66caf000 	C:\WINDOWS\System32\msvcp_win.dll
0x00007ffc67980000 - 0x00007ffc67a78000 	C:\WINDOWS\System32\ucrtbase.dll
0x00007ffc59ff0000 - 0x00007ffc5a259000 	C:\WINDOWS\WinSxS\amd64_microsoft.windows.common-controls_6595b64144ccf1df_6.0.17134.706_none_fb43a2cb30647007\COMCTL32.dll
0x00007ffc684d0000 - 0x00007ffc687f2000 	C:\WINDOWS\System32\combase.dll
0x00007ffc67900000 - 0x00007ffc6797a000 	C:\WINDOWS\System32\bcryptPrimitives.dll
0x00007ffc6a7e0000 - 0x00007ffc6a80d000 	C:\WINDOWS\System32\IMM32.DLL
0x0000000056cc0000 - 0x0000000056d92000 	D:\AndroidStudio\jre\jre\bin\msvcr100.dll
0x0000000056da0000 - 0x00000000575df000 	D:\AndroidStudio\jre\jre\bin\server\jvm.dll
0x00007ffc68c40000 - 0x00007ffc68c48000 	C:\WINDOWS\System32\PSAPI.DLL
0x00007ffc5d010000 - 0x00007ffc5d01a000 	C:\WINDOWS\SYSTEM32\VERSION.dll
0x00007ffc56740000 - 0x00007ffc56749000 	C:\WINDOWS\SYSTEM32\WSOCK32.dll
0x00007ffc63ff0000 - 0x00007ffc64013000 	C:\WINDOWS\SYSTEM32\WINMM.dll
0x00007ffc68ee0000 - 0x00007ffc68f4c000 	C:\WINDOWS\System32\WS2_32.dll
0x00007ffc63fb0000 - 0x00007ffc63fda000 	C:\WINDOWS\SYSTEM32\WINMMBASE.dll
0x00007ffc66d10000 - 0x00007ffc66d59000 	C:\WINDOWS\System32\cfgmgr32.dll
0x00007ffc513c0000 - 0x00007ffc513cf000 	D:\AndroidStudio\jre\jre\bin\verify.dll
0x00007ffc4acb0000 - 0x00007ffc4acd9000 	D:\AndroidStudio\jre\jre\bin\java.dll
0x00007ffc4ac90000 - 0x00007ffc4aca6000 	D:\AndroidStudio\jre\jre\bin\zip.dll
0x00007ffc68f60000 - 0x00007ffc6a3a0000 	C:\WINDOWS\System32\SHELL32.dll
0x00007ffc6a5a0000 - 0x00007ffc6a649000 	C:\WINDOWS\System32\shcore.dll
0x00007ffc671f0000 - 0x00007ffc678fd000 	C:\WINDOWS\System32\windows.storage.dll
0x00007ffc68dd0000 - 0x00007ffc68e21000 	C:\WINDOWS\System32\shlwapi.dll
0x00007ffc66bf0000 - 0x00007ffc66c01000 	C:\WINDOWS\System32\kernel.appcore.dll
0x00007ffc66b80000 - 0x00007ffc66b9f000 	C:\WINDOWS\System32\profapi.dll
0x00007ffc66ba0000 - 0x00007ffc66bec000 	C:\WINDOWS\System32\powrprof.dll
0x00007ffc66b50000 - 0x00007ffc66b5a000 	C:\WINDOWS\System32\FLTLIB.DLL
0x00007ffc48ac0000 - 0x00007ffc48ada000 	D:\AndroidStudio\jre\jre\bin\net.dll
0x00007ffc663d0000 - 0x00007ffc66436000 	C:\WINDOWS\system32\mswsock.dll
0x00007ffc442a0000 - 0x00007ffc442b1000 	D:\AndroidStudio\jre\jre\bin\nio.dll
0x00007ffc60a00000 - 0x00007ffc60a1e000 	C:\Users\Lenovo\.gradle\native\25\windows-amd64\native-platform.dll
0x00007ffc5d310000 - 0x00007ffc5d31d000 	D:\AndroidStudio\jre\jre\bin\management.dll
0x00007ffc66580000 - 0x00007ffc66597000 	C:\WINDOWS\SYSTEM32\CRYPTSP.dll
0x00007ffc65fb0000 - 0x00007ffc65fe3000 	C:\WINDOWS\system32\rsaenh.dll
0x00007ffc666b0000 - 0x00007ffc666d5000 	C:\WINDOWS\SYSTEM32\bcrypt.dll
0x00007ffc66a80000 - 0x00007ffc66aa8000 	C:\WINDOWS\SYSTEM32\USERENV.dll
0x00007ffc665a0000 - 0x00007ffc665ab000 	C:\WINDOWS\SYSTEM32\CRYPTBASE.dll
0x00007ffc66150000 - 0x00007ffc66188000 	C:\WINDOWS\SYSTEM32\IPHLPAPI.DLL
0x00007ffc68f50000 - 0x00007ffc68f58000 	C:\WINDOWS\System32\NSI.dll
0x00007ffc5ac20000 - 0x00007ffc5ac36000 	C:\WINDOWS\SYSTEM32\dhcpcsvc6.DLL
0x00007ffc5b250000 - 0x00007ffc5b26a000 	C:\WINDOWS\SYSTEM32\dhcpcsvc.DLL

VM Arguments:
jvm_args: -Xmx1536m -Dfile.encoding=windows-1251 -Duser.country=RU -Duser.language=ru -Duser.variant 
java_command: org.gradle.launcher.daemon.bootstrap.GradleDaemon 4.4
java_class_path (initial): C:\Users\Lenovo\.gradle\wrapper\dists\gradle-4.4-all\9br9xq1tocpiv8o6njlyu5op1\gradle-4.4\lib\gradle-launcher-4.4.jar
Launcher Type: SUN_STANDARD

Environment Variables:
PATH=C:\Program Files (x86)\Common Files\Oracle\Java\javapath;C:\Windows\system32;C:\Windows;C:\Windows\System32\Wbem;C:\Windows\System32\WindowsPowerShell\v1.0\;C:\Program Files (x86)\NVIDIA Corporation\PhysX\Common;C:\Program Files (x86)\Windows Kits\8.1\Windows Performance Toolkit\;C:\Program Files\Microsoft SQL Server\110\Tools\Binn\;C:\WINDOWS\system32;C:\WINDOWS;C:\WINDOWS\System32\Wbem;C:\WINDOWS\System32\WindowsPowerShell\v1.0\;C:\WINDOWS\System32\OpenSSH\;C:\Users\Lenovo\AppData\Local\Microsoft\WindowsApps;
USERNAME=Lenovo
OS=Windows_NT
PROCESSOR_IDENTIFIER=Intel64 Family 6 Model 142 Stepping 9, GenuineIntel



---------------  S Y S T E M  ---------------

OS: Windows 10.0 , 64 bit Build 17134 (10.0.17134.706)

CPU:total 4 (initial active 4) (2 cores per cpu, 2 threads per core) family 6 model 142 stepping 9, cmov, cx8, fxsr, mmx, sse, sse2, sse3, ssse3, sse4.1, sse4.2, popcnt, avx, avx2, aes, clmul, erms, 3dnowpref, lzcnt, ht, tsc, tscinvbit, bmi1, bmi2, adx

Memory: 4k page, physical 8260324k(624484k free), swap 11406052k(5264k free)

vm_info: OpenJDK 64-Bit Server VM (25.152-b02) for windows-amd64 JRE (1.8.0_152-release-1024-b02), built by "builder" with MS VC++ 10.0 (VS2010)

time: Tue May 07 16:41:07 2019
elapsed time: 8 seconds (0d 0h 0m 8s)

