#
# There is insufficient memory for the Java Runtime Environment to continue.
# Native memory allocation (malloc) failed to allocate 2051696 bytes for Chunk::new
# Possible reasons:
#   The system is out of physical RAM or swap space
#   In 32 bit mode, the process size limit was hit
# Possible solutions:
#   Reduce memory load on the system
#   Increase physical memory or swap space
#   Check if swap backing store is full
#   Use 64 bit Java on a 64 bit OS
#   Decrease Java heap size (-Xmx/-Xms)
#   Decrease number of Java threads
#   Decrease Java thread stack sizes (-Xss)
#   Set larger code cache with -XX:ReservedCodeCacheSize=
# This output file may be truncated or incomplete.
#
#  Out of Memory Error (allocation.cpp:390), pid=10460, tid=0x0000000000001f24
#
# JRE version: OpenJDK Runtime Environment (8.0_152-b02) (build 1.8.0_152-release-1024-b02)
# Java VM: OpenJDK 64-Bit Server VM (25.152-b02 mixed mode windows-amd64 compressed oops)
# Failed to write core dump. Minidumps are not enabled by default on client versions of Windows
#

---------------  T H R E A D  ---------------

Current thread (0x0000000015f95800):  JavaThread "C2 CompilerThread0" daemon [_thread_in_native, id=7972, stack(0x00000000175f0000,0x00000000176f0000)]

Stack: [0x00000000175f0000,0x00000000176f0000]
[error occurred during error reporting (printing stack bounds), id 0xc0000005]

Native frames: (J=compiled Java code, j=interpreted, Vv=VM code, C=native code)


Current CompileTask:
C2:   9332 1579       4       java.net.URLClassLoader$1::run (5 bytes)


---------------  P R O C E S S  ---------------

Java Threads: ( => current thread )
  0x000000001ad12800 JavaThread "Cache worker for file hash cache (D:\AndroidProjects\BeatBox\.gradle\4.4\fileHashes)" [_thread_blocked, id=10816, stack(0x000000001bb20000,0x000000001bc20000)]
  0x0000000018e13000 JavaThread "File lock request listener" [_thread_in_native, id=5504, stack(0x000000001aa50000,0x000000001ab50000)]
  0x000000001845a000 JavaThread "Cache worker for file hash cache (C:\Users\Lenovo\.gradle\caches\4.4\fileHashes)" [_thread_blocked, id=1276, stack(0x000000001a950000,0x000000001aa50000)]
  0x00000000187ef000 JavaThread "Stdin handler" [_thread_blocked, id=6596, stack(0x000000001a650000,0x000000001a750000)]
  0x00000000187ee800 JavaThread "Asynchronous log dispatcher for DefaultDaemonConnection: socket connection from /127.0.0.1:59740 to /127.0.0.1:59741" [_thread_blocked, id=13328, stack(0x000000001a550000,0x000000001a650000)]
  0x0000000017bb4800 JavaThread "Daemon worker" [_thread_in_vm, id=2484, stack(0x000000001a450000,0x000000001a550000)]
  0x0000000017bb3800 JavaThread "Cancel handler" [_thread_blocked, id=12528, stack(0x000000001a350000,0x000000001a450000)]
  0x00000000186ec000 JavaThread "Handler for socket connection from /127.0.0.1:59740 to /127.0.0.1:59741" [_thread_in_native, id=8980, stack(0x000000001a050000,0x000000001a150000)]
  0x00000000186eb800 JavaThread "Daemon" [_thread_blocked, id=12572, stack(0x0000000019f50000,0x000000001a050000)]
  0x0000000018532000 JavaThread "Daemon periodic checks" [_thread_blocked, id=12700, stack(0x0000000019e50000,0x0000000019f50000)]
  0x0000000018ca3000 JavaThread "Incoming local TCP Connector on port 59740" [_thread_in_native, id=13972, stack(0x0000000019c00000,0x0000000019d00000)]
  0x0000000017911000 JavaThread "Service Thread" daemon [_thread_blocked, id=1100, stack(0x0000000017cf0000,0x0000000017df0000)]
  0x0000000015fe7000 JavaThread "C1 CompilerThread2" daemon [_thread_blocked, id=8292, stack(0x00000000177f0000,0x00000000178f0000)]
  0x0000000015fe4000 JavaThread "C2 CompilerThread1" daemon [_thread_in_native, id=3416, stack(0x00000000176f0000,0x00000000177f0000)]
=>0x0000000015f95800 JavaThread "C2 CompilerThread0" daemon [_thread_in_native, id=7972, stack(0x00000000175f0000,0x00000000176f0000)]
  0x0000000015f94000 JavaThread "Attach Listener" daemon [_thread_blocked, id=8940, stack(0x00000000174f0000,0x00000000175f0000)]
  0x0000000015f91800 JavaThread "Signal Dispatcher" daemon [_thread_blocked, id=2052, stack(0x00000000173f0000,0x00000000174f0000)]
  0x0000000015f77000 JavaThread "Finalizer" daemon [_thread_blocked, id=1620, stack(0x00000000171f0000,0x00000000172f0000)]
  0x0000000002611000 JavaThread "Reference Handler" daemon [_thread_blocked, id=10944, stack(0x00000000170f0000,0x00000000171f0000)]
  0x0000000002522800 JavaThread "main" [_thread_blocked, id=12884, stack(0x0000000002420000,0x0000000002520000)]

Other Threads:
  0x0000000015f56000 VMThread [stack: 0x0000000016ff0000,0x00000000170f0000] [id=13544]
  0x0000000015feb000 WatcherThread [stack: 0x0000000017df0000,0x0000000017ef0000] [id=9304]

VM state:not at safepoint (normal execution)

VM Mutex/Monitor currently owned by a thread: None

Heap:
 PSYoungGen      total 71680K, used 17172K [0x00000000e0000000, 0x00000000e4b00000, 0x0000000100000000)
  eden space 66560K, 18% used [0x00000000e0000000,0x00000000e0bc90b8,0x00000000e4100000)
  from space 5120K, 99% used [0x00000000e4600000,0x00000000e4afc030,0x00000000e4b00000)
  to   space 5120K, 0% used [0x00000000e4100000,0x00000000e4100000,0x00000000e4600000)
 ParOldGen       total 87552K, used 5814K [0x00000000a0000000, 0x00000000a5580000, 0x00000000e0000000)
  object space 87552K, 6% used [0x00000000a0000000,0x00000000a05adb50,0x00000000a5580000)
 Metaspace       used 19562K, capacity 19952K, committed 20096K, reserved 1067008K
  class space    used 2753K, capacity 2883K, committed 2944K, reserved 1048576K

Card table byte_map: [0x00000000119e0000,0x0000000011cf0000] byte_map_base: 0x00000000114e0000

Marking Bits: (ParMarkBitMap*) 0x00000000744a4970
 Begin Bits: [0x00000000122f0000, 0x0000000013af0000)
 End Bits:   [0x0000000013af0000, 0x00000000152f0000)

Polling page: 0x0000000000640000

CodeCache: size=245760Kb used=5254Kb max_used=5497Kb free=240506Kb
 bounds [0x0000000002620000, 0x0000000002b90000, 0x0000000011620000]
 total_blobs=1918 nmethods=1535 adapters=296
 compilation: enabled

Compilation events (10 events):
Event: 9.280 Thread 0x0000000015fe7000 1674       3       java.net.URL::openConnection (9 bytes)
Event: 9.280 Thread 0x0000000015fe7000 nmethod 1674 0x0000000002781590 code [0x0000000002781700, 0x0000000002781928]
Event: 9.280 Thread 0x0000000015fe7000 1675       3       java.net.URLConnection::<init> (44 bytes)
Event: 9.280 Thread 0x0000000015fe7000 nmethod 1675 0x0000000002781150 code [0x00000000027812c0, 0x00000000027814d0]
Event: 9.297 Thread 0x0000000015fe7000 1676       3       java.lang.reflect.Method::isBridge (16 bytes)
Event: 9.297 Thread 0x0000000015fe7000 nmethod 1676 0x0000000002780d50 code [0x0000000002780ea0, 0x00000000027810f0]
Event: 9.299 Thread 0x0000000015fe7000 1677       3       org.codehaus.groovy.reflection.CachedMethod::compareToCachedMethod (160 bytes)
Event: 9.301 Thread 0x0000000015fe7000 nmethod 1677 0x00000000028a1f90 code [0x00000000028a2280, 0x00000000028a3d88]
Event: 9.305 Thread 0x0000000015fe7000 1678       3       org.codehaus.groovy.reflection.ParameterTypes::getParameterTypes (16 bytes)
Event: 9.305 Thread 0x0000000015fe7000 nmethod 1678 0x0000000002780950 code [0x0000000002780ac0, 0x0000000002780ca8]

GC Heap History (8 events):
Event: 3.312 GC heap before
{Heap before GC invocations=1 (full 0):
 PSYoungGen      total 38400K, used 33280K [0x00000000e0000000, 0x00000000e2a80000, 0x0000000100000000)
  eden space 33280K, 100% used [0x00000000e0000000,0x00000000e2080000,0x00000000e2080000)
  from space 5120K, 0% used [0x00000000e2580000,0x00000000e2580000,0x00000000e2a80000)
  to   space 5120K, 0% used [0x00000000e2080000,0x00000000e2080000,0x00000000e2580000)
 ParOldGen       total 87552K, used 0K [0x00000000a0000000, 0x00000000a5580000, 0x00000000e0000000)
  object space 87552K, 0% used [0x00000000a0000000,0x00000000a0000000,0x00000000a5580000)
 Metaspace       used 6882K, capacity 7052K, committed 7168K, reserved 1056768K
  class space    used 839K, capacity 909K, committed 1024K, reserved 1048576K
Event: 3.328 GC heap after
Heap after GC invocations=1 (full 0):
 PSYoungGen      total 38400K, used 4109K [0x00000000e0000000, 0x00000000e2a80000, 0x0000000100000000)
  eden space 33280K, 0% used [0x00000000e0000000,0x00000000e0000000,0x00000000e2080000)
  from space 5120K, 80% used [0x00000000e2080000,0x00000000e24835c0,0x00000000e2580000)
  to   space 5120K, 0% used [0x00000000e2580000,0x00000000e2580000,0x00000000e2a80000)
 ParOldGen       total 87552K, used 8K [0x00000000a0000000, 0x00000000a5580000, 0x00000000e0000000)
  object space 87552K, 0% used [0x00000000a0000000,0x00000000a0002000,0x00000000a5580000)
 Metaspace       used 6882K, capacity 7052K, committed 7168K, reserved 1056768K
  class space    used 839K, capacity 909K, committed 1024K, reserved 1048576K
}
Event: 5.865 GC heap before
{Heap before GC invocations=2 (full 0):
 PSYoungGen      total 38400K, used 37389K [0x00000000e0000000, 0x00000000e2a80000, 0x0000000100000000)
  eden space 33280K, 100% used [0x00000000e0000000,0x00000000e2080000,0x00000000e2080000)
  from space 5120K, 80% used [0x00000000e2080000,0x00000000e24835c0,0x00000000e2580000)
  to   space 5120K, 0% used [0x00000000e2580000,0x00000000e2580000,0x00000000e2a80000)
 ParOldGen       total 87552K, used 8K [0x00000000a0000000, 0x00000000a5580000, 0x00000000e0000000)
  object space 87552K, 0% used [0x00000000a0000000,0x00000000a0002000,0x00000000a5580000)
 Metaspace       used 11641K, capacity 11974K, committed 12160K, reserved 1060864K
  class space    used 1535K, capacity 1643K, committed 1664K, reserved 1048576K
Event: 5.876 GC heap after
Heap after GC invocations=2 (full 0):
 PSYoungGen      total 38400K, used 5101K [0x00000000e0000000, 0x00000000e2a80000, 0x0000000100000000)
  eden space 33280K, 0% used [0x00000000e0000000,0x00000000e0000000,0x00000000e2080000)
  from space 5120K, 99% used [0x00000000e2580000,0x00000000e2a7b5a0,0x00000000e2a80000)
  to   space 5120K, 0% used [0x00000000e2080000,0x00000000e2080000,0x00000000e2580000)
 ParOldGen       total 87552K, used 502K [0x00000000a0000000, 0x00000000a5580000, 0x00000000e0000000)
  object space 87552K, 0% used [0x00000000a0000000,0x00000000a007d9f0,0x00000000a5580000)
 Metaspace       used 11641K, capacity 11974K, committed 12160K, reserved 1060864K
  class space    used 1535K, capacity 1643K, committed 1664K, reserved 1048576K
}
Event: 6.475 GC heap before
{Heap before GC invocations=3 (full 0):
 PSYoungGen      total 38400K, used 38381K [0x00000000e0000000, 0x00000000e2a80000, 0x0000000100000000)
  eden space 33280K, 100% used [0x00000000e0000000,0x00000000e2080000,0x00000000e2080000)
  from space 5120K, 99% used [0x00000000e2580000,0x00000000e2a7b5a0,0x00000000e2a80000)
  to   space 5120K, 0% used [0x00000000e2080000,0x00000000e2080000,0x00000000e2580000)
 ParOldGen       total 87552K, used 502K [0x00000000a0000000, 0x00000000a5580000, 0x00000000e0000000)
  object space 87552K, 0% used [0x00000000a0000000,0x00000000a007d9f0,0x00000000a5580000)
 Metaspace       used 14436K, capacity 14806K, committed 14976K, reserved 1062912K
  class space    used 2019K, capacity 2159K, committed 2176K, reserved 1048576K
Event: 6.494 GC heap after
Heap after GC invocations=3 (full 0):
 PSYoungGen      total 38400K, used 5104K [0x00000000e0000000, 0x00000000e4b00000, 0x0000000100000000)
  eden space 33280K, 0% used [0x00000000e0000000,0x00000000e0000000,0x00000000e2080000)
  from space 5120K, 99% used [0x00000000e2080000,0x00000000e257c258,0x00000000e2580000)
  to   space 5120K, 0% used [0x00000000e4600000,0x00000000e4600000,0x00000000e4b00000)
 ParOldGen       total 87552K, used 2402K [0x00000000a0000000, 0x00000000a5580000, 0x00000000e0000000)
  object space 87552K, 2% used [0x00000000a0000000,0x00000000a02589f8,0x00000000a5580000)
 Metaspace       used 14436K, capacity 14806K, committed 14976K, reserved 1062912K
  class space    used 2019K, capacity 2159K, committed 2176K, reserved 1048576K
}
Event: 8.855 GC heap before
{Heap before GC invocations=4 (full 0):
 PSYoungGen      total 38400K, used 38384K [0x00000000e0000000, 0x00000000e4b00000, 0x0000000100000000)
  eden space 33280K, 100% used [0x00000000e0000000,0x00000000e2080000,0x00000000e2080000)
  from space 5120K, 99% used [0x00000000e2080000,0x00000000e257c258,0x00000000e2580000)
  to   space 5120K, 0% used [0x00000000e4600000,0x00000000e4600000,0x00000000e4b00000)
 ParOldGen       total 87552K, used 2402K [0x00000000a0000000, 0x00000000a5580000, 0x00000000e0000000)
  object space 87552K, 2% used [0x00000000a0000000,0x00000000a02589f8,0x00000000a5580000)
 Metaspace       used 17758K, capacity 18154K, committed 18432K, reserved 1064960K
  class space    used 2561K, capacity 2689K, committed 2816K, reserved 1048576K
Event: 8.900 GC heap after
Heap after GC invocations=4 (full 0):
 PSYoungGen      total 71680K, used 5104K [0x00000000e0000000, 0x00000000e4b00000, 0x0000000100000000)
  eden space 66560K, 0% used [0x00000000e0000000,0x00000000e0000000,0x00000000e4100000)
  from space 5120K, 99% used [0x00000000e4600000,0x00000000e4afc030,0x00000000e4b00000)
  to   space 5120K, 0% used [0x00000000e4100000,0x00000000e4100000,0x00000000e4600000)
 ParOldGen       total 87552K, used 5814K [0x00000000a0000000, 0x00000000a5580000, 0x00000000e0000000)
  object space 87552K, 6% used [0x00000000a0000000,0x00000000a05adb50,0x00000000a5580000)
 Metaspace       used 17758K, capacity 18154K, committed 18432K, reserved 1064960K
  class space    used 2561K, capacity 2689K, committed 2816K, reserved 1048576K
}

Deoptimization events (10 events):
Event: 8.643 Thread 0x0000000017bb4800 Uncommon trap: reason=bimorphic action=maybe_recompile pc=0x0000000002aa7a60 method=java.lang.ClassLoader.loadClass(Ljava/lang/String;Z)Ljava/lang/Class; @ 38
Event: 8.643 Thread 0x0000000017bb4800 Uncommon trap: reason=bimorphic action=maybe_recompile pc=0x0000000002b2dad8 method=java.lang.ClassLoader.getPackage(Ljava/lang/String;)Ljava/lang/Package; @ 47
Event: 8.644 Thread 0x0000000017bb4800 Uncommon trap: reason=bimorphic action=maybe_recompile pc=0x0000000002b2dad8 method=java.lang.ClassLoader.getPackage(Ljava/lang/String;)Ljava/lang/Package; @ 47
Event: 8.646 Thread 0x0000000017bb4800 Uncommon trap: reason=bimorphic action=maybe_recompile pc=0x0000000002b2dad8 method=java.lang.ClassLoader.getPackage(Ljava/lang/String;)Ljava/lang/Package; @ 47
Event: 8.651 Thread 0x0000000017bb4800 Uncommon trap: reason=bimorphic action=maybe_recompile pc=0x0000000002b5b1f0 method=java.lang.ClassLoader.getPackage(Ljava/lang/String;)Ljava/lang/Package; @ 47
Event: 8.835 Thread 0x0000000017bb4800 Uncommon trap: reason=unstable_if action=reinterpret pc=0x000000000290f088 method=java.lang.AbstractStringBuilder.append(Ljava/lang/String;)Ljava/lang/AbstractStringBuilder; @ 1
Event: 8.835 Thread 0x0000000017bb4800 Uncommon trap: reason=unstable_if action=reinterpret pc=0x000000000283fc00 method=java.lang.AbstractStringBuilder.append(Ljava/lang/String;)Ljava/lang/AbstractStringBuilder; @ 1
Event: 8.973 Thread 0x0000000017bb4800 Uncommon trap: reason=class_check action=maybe_recompile pc=0x00000000027e5198 method=sun.misc.URLClassPath.getLoader(I)Lsun/misc/URLClassPath$Loader; @ 94
Event: 8.973 Thread 0x0000000017bb4800 Uncommon trap: reason=class_check action=maybe_recompile pc=0x00000000029408ac method=sun.misc.URLClassPath.getResource(Ljava/lang/String;Z)Lsun/misc/Resource; @ 62
Event: 9.043 Thread 0x0000000017bb4800 Uncommon trap: reason=unstable_if action=reinterpret pc=0x000000000296b744 method=java.lang.ClassLoader.getClassLoadingLock(Ljava/lang/String;)Ljava/lang/Object; @ 6

Classes redefined (0 events):
No events

Internal exceptions (10 events):
Event: 8.710 Thread 0x0000000017bb4800 Exception <a 'java/lang/NoSuchMethodError': <clinit>> (0x00000000e1c83ed0) thrown at [D:\src\AOSP-openjdk-cygwin\jdk8u\hotspot\src\share\vm\prims\jni.cpp, line 1613]
Event: 8.711 Thread 0x0000000017bb4800 Exception <a 'java/lang/NoSuchMethodError': <clinit>> (0x00000000e1c93748) thrown at [D:\src\AOSP-openjdk-cygwin\jdk8u\hotspot\src\share\vm\prims\jni.cpp, line 1613]
Event: 8.712 Thread 0x0000000017bb4800 Exception <a 'java/lang/NoSuchMethodError': <clinit>> (0x00000000e1c9e498) thrown at [D:\src\AOSP-openjdk-cygwin\jdk8u\hotspot\src\share\vm\prims\jni.cpp, line 1613]
Event: 8.713 Thread 0x0000000017bb4800 Exception <a 'java/lang/NoSuchMethodError': <clinit>> (0x00000000e1cab120) thrown at [D:\src\AOSP-openjdk-cygwin\jdk8u\hotspot\src\share\vm\prims\jni.cpp, line 1613]
Event: 8.714 Thread 0x0000000017bb4800 Exception <a 'java/lang/NoSuchMethodError': <clinit>> (0x00000000e1cb3fe0) thrown at [D:\src\AOSP-openjdk-cygwin\jdk8u\hotspot\src\share\vm\prims\jni.cpp, line 1613]
Event: 8.725 Thread 0x0000000017bb4800 Exception <a 'java/lang/NoSuchMethodError': <clinit>> (0x00000000e1d03928) thrown at [D:\src\AOSP-openjdk-cygwin\jdk8u\hotspot\src\share\vm\prims\jni.cpp, line 1613]
Event: 8.725 Thread 0x0000000017bb4800 Exception <a 'java/lang/NoSuchMethodError': <clinit>> (0x00000000e1d075e8) thrown at [D:\src\AOSP-openjdk-cygwin\jdk8u\hotspot\src\share\vm\prims\jni.cpp, line 1613]
Event: 8.725 Thread 0x0000000017bb4800 Exception <a 'java/lang/NoSuchMethodError': <clinit>> (0x00000000e1d090f0) thrown at [D:\src\AOSP-openjdk-cygwin\jdk8u\hotspot\src\share\vm\prims\jni.cpp, line 1613]
Event: 8.835 Thread 0x0000000017bb4800 Implicit null exception at 0x000000000290ecd6 to 0x000000000290f071
Event: 8.835 Thread 0x0000000017bb4800 Implicit null exception at 0x000000000283f856 to 0x000000000283fbe9

Events (10 events):
Event: 9.296 loading class groovy/io/FileVisitResult
Event: 9.296 loading class groovy/io/FileVisitResult done
Event: 9.298 loading class java/nio/file/WatchService
Event: 9.298 loading class java/nio/file/WatchService done
Event: 9.298 loading class java/nio/file/WatchEvent$Kind
Event: 9.298 loading class java/nio/file/WatchEvent$Kind done
Event: 9.298 loading class java/nio/file/WatchEvent$Modifier
Event: 9.298 loading class java/nio/file/WatchEvent$Modifier done
Event: 9.298 loading class java/nio/file/WatchKey
Event: 9.298 loading class java/nio/file/WatchKey done


Dynamic libraries:
0x00007ff70d4d0000 - 0x00007ff70d501000 	D:\AndroidStudio\jre\bin\java.exe
0x00007ffa24b50000 - 0x00007ffa24d31000 	C:\WINDOWS\SYSTEM32\ntdll.dll
0x00007ffa22ad0000 - 0x00007ffa22b81000 	C:\WINDOWS\System32\KERNEL32.DLL
0x00007ffa21230000 - 0x00007ffa214a3000 	C:\WINDOWS\System32\KERNELBASE.dll
0x00007ffa22bb0000 - 0x00007ffa22c51000 	C:\WINDOWS\System32\ADVAPI32.dll
0x00007ffa226f0000 - 0x00007ffa2278e000 	C:\WINDOWS\System32\msvcrt.dll
0x00007ffa24a60000 - 0x00007ffa24abb000 	C:\WINDOWS\System32\sechost.dll
0x00007ffa22f90000 - 0x00007ffa230b4000 	C:\WINDOWS\System32\RPCRT4.dll
0x00007ffa23140000 - 0x00007ffa232d0000 	C:\WINDOWS\System32\USER32.dll
0x00007ffa21020000 - 0x00007ffa21040000 	C:\WINDOWS\System32\win32u.dll
0x00007ffa22880000 - 0x00007ffa228a8000 	C:\WINDOWS\System32\GDI32.dll
0x00007ffa214b0000 - 0x00007ffa21642000 	C:\WINDOWS\System32\gdi32full.dll
0x00007ffa21650000 - 0x00007ffa216ef000 	C:\WINDOWS\System32\msvcp_win.dll
0x00007ffa20f20000 - 0x00007ffa21018000 	C:\WINDOWS\System32\ucrtbase.dll
0x00007ffa119e0000 - 0x00007ffa11c49000 	C:\WINDOWS\WinSxS\amd64_microsoft.windows.common-controls_6595b64144ccf1df_6.0.17134.706_none_fb43a2cb30647007\COMCTL32.dll
0x00007ffa22c60000 - 0x00007ffa22f82000 	C:\WINDOWS\System32\combase.dll
0x00007ffa21e00000 - 0x00007ffa21e7a000 	C:\WINDOWS\System32\bcryptPrimitives.dll
0x00007ffa23450000 - 0x00007ffa2347d000 	C:\WINDOWS\System32\IMM32.DLL
0x0000000073c00000 - 0x0000000073cd2000 	D:\AndroidStudio\jre\jre\bin\msvcr100.dll
0x0000000073ce0000 - 0x000000007451f000 	D:\AndroidStudio\jre\jre\bin\server\jvm.dll
0x00007ffa23480000 - 0x00007ffa23488000 	C:\WINDOWS\System32\PSAPI.DLL
0x00007ffa1ead0000 - 0x00007ffa1eaf3000 	C:\WINDOWS\SYSTEM32\WINMM.dll
0x00007ffa0d520000 - 0x00007ffa0d529000 	C:\WINDOWS\SYSTEM32\WSOCK32.dll
0x00007ffa22a50000 - 0x00007ffa22abc000 	C:\WINDOWS\System32\WS2_32.dll
0x00007ffa159d0000 - 0x00007ffa159da000 	C:\WINDOWS\SYSTEM32\VERSION.dll
0x00007ffa1eaa0000 - 0x00007ffa1eaca000 	C:\WINDOWS\SYSTEM32\WINMMBASE.dll
0x00007ffa21f90000 - 0x00007ffa21fd9000 	C:\WINDOWS\System32\cfgmgr32.dll
0x00007ffa1d790000 - 0x00007ffa1d79f000 	D:\AndroidStudio\jre\jre\bin\verify.dll
0x00007ffa0d880000 - 0x00007ffa0d8a9000 	D:\AndroidStudio\jre\jre\bin\java.dll
0x00007ffa0e2e0000 - 0x00007ffa0e2f6000 	D:\AndroidStudio\jre\jre\bin\zip.dll
0x00007ffa23620000 - 0x00007ffa24a60000 	C:\WINDOWS\System32\SHELL32.dll
0x00007ffa224d0000 - 0x00007ffa22579000 	C:\WINDOWS\System32\shcore.dll
0x00007ffa216f0000 - 0x00007ffa21dfd000 	C:\WINDOWS\System32\windows.storage.dll
0x00007ffa24ac0000 - 0x00007ffa24b11000 	C:\WINDOWS\System32\shlwapi.dll
0x00007ffa20f00000 - 0x00007ffa20f11000 	C:\WINDOWS\System32\kernel.appcore.dll
0x00007ffa20e60000 - 0x00007ffa20e7f000 	C:\WINDOWS\System32\profapi.dll
0x00007ffa20eb0000 - 0x00007ffa20efc000 	C:\WINDOWS\System32\powrprof.dll
0x00007ffa20e80000 - 0x00007ffa20e8a000 	C:\WINDOWS\System32\FLTLIB.DLL
0x00007ffa0dd30000 - 0x00007ffa0dd4a000 	D:\AndroidStudio\jre\jre\bin\net.dll
0x00007ffa20680000 - 0x00007ffa206e6000 	C:\WINDOWS\system32\mswsock.dll
0x00007ffa0d430000 - 0x00007ffa0d441000 	D:\AndroidStudio\jre\jre\bin\nio.dll
0x00007ffa0c8b0000 - 0x00007ffa0c8ce000 	C:\Users\Lenovo\.gradle\native\25\windows-amd64\native-platform.dll
0x00007ffa1cd70000 - 0x00007ffa1cd7d000 	D:\AndroidStudio\jre\jre\bin\management.dll
0x00007ffa20830000 - 0x00007ffa20847000 	C:\WINDOWS\SYSTEM32\CRYPTSP.dll
0x00007ffa20260000 - 0x00007ffa20293000 	C:\WINDOWS\system32\rsaenh.dll
0x00007ffa209c0000 - 0x00007ffa209e5000 	C:\WINDOWS\SYSTEM32\bcrypt.dll
0x00007ffa20d90000 - 0x00007ffa20db8000 	C:\WINDOWS\SYSTEM32\USERENV.dll
0x00007ffa20850000 - 0x00007ffa2085b000 	C:\WINDOWS\SYSTEM32\CRYPTBASE.dll
0x00007ffa20400000 - 0x00007ffa20438000 	C:\WINDOWS\SYSTEM32\IPHLPAPI.DLL
0x00007ffa22ac0000 - 0x00007ffa22ac8000 	C:\WINDOWS\System32\NSI.dll
0x00007ffa19200000 - 0x00007ffa19216000 	C:\WINDOWS\SYSTEM32\dhcpcsvc6.DLL
0x00007ffa1aef0000 - 0x00007ffa1af0a000 	C:\WINDOWS\SYSTEM32\dhcpcsvc.DLL

VM Arguments:
jvm_args: -Xmx1536m -Dfile.encoding=windows-1251 -Duser.country=RU -Duser.language=ru -Duser.variant 
java_command: org.gradle.launcher.daemon.bootstrap.GradleDaemon 4.4
java_class_path (initial): C:\Users\Lenovo\.gradle\wrapper\dists\gradle-4.4-all\9br9xq1tocpiv8o6njlyu5op1\gradle-4.4\lib\gradle-launcher-4.4.jar
Launcher Type: SUN_STANDARD

Environment Variables:
PATH=C:\Program Files (x86)\Common Files\Oracle\Java\javapath;C:\Windows\system32;C:\Windows;C:\Windows\System32\Wbem;C:\Windows\System32\WindowsPowerShell\v1.0\;C:\Program Files (x86)\NVIDIA Corporation\PhysX\Common;C:\Program Files (x86)\Windows Kits\8.1\Windows Performance Toolkit\;C:\Program Files\Microsoft SQL Server\110\Tools\Binn\;C:\WINDOWS\system32;C:\WINDOWS;C:\WINDOWS\System32\Wbem;C:\WINDOWS\System32\WindowsPowerShell\v1.0\;C:\WINDOWS\System32\OpenSSH\;C:\Users\Lenovo\AppData\Local\Microsoft\WindowsApps;
USERNAME=Lenovo
OS=Windows_NT
PROCESSOR_IDENTIFIER=Intel64 Family 6 Model 142 Stepping 9, GenuineIntel



---------------  S Y S T E M  ---------------

OS: Windows 10.0 , 64 bit Build 17134 (10.0.17134.706)

CPU:total 4 (initial active 4) (2 cores per cpu, 2 threads per core) family 6 model 142 stepping 9, cmov, cx8, fxsr, mmx, sse, sse2, sse3, ssse3, sse4.1, sse4.2, popcnt, avx, avx2, aes, clmul, erms, 3dnowpref, lzcnt, ht, tsc, tscinvbit, bmi1, bmi2, adx

Memory: 4k page, physical 8260324k(1779208k free), swap 11406052k(5484k free)

vm_info: OpenJDK 64-Bit Server VM (25.152-b02) for windows-amd64 JRE (1.8.0_152-release-1024-b02), built by "builder" with MS VC++ 10.0 (VS2010)

time: Wed May 01 14:52:47 2019
elapsed time: 9 seconds (0d 0h 0m 9s)

